<?xml version="1.0" encoding="UTF-8"?>
<!-- Generated by org.testng.reporters.JUnitXMLReporter -->
<testsuite hostname="EPBYMINW17E0" ignored="0" tests="3" failures="0" timestamp="2021-11-03T15:48:28 MSK" time="0.06" errors="0">
  <testcase name="testClassificationLevelOfExperimentalPlanes" time="0.014" classname="AirportTest"/>
  <testcase name="testGetTransportMilitaryPlanes" time="0.001" classname="AirportTest"/>
  <testcase name="testHasAtLeastOneBomberInMilitaryPlanes" time="0.0" classname="AirportTest"/>
</testsuite>
