<?xml version="1.0" encoding="UTF-8"?>
<testng-results skipped="0" failed="0" ignored="0" total="3" passed="3">
  <reporter-output>
  </reporter-output>
  <suite name="AirportTest" duration-ms="60" started-at="2021-11-03T15:48:28 MSK" finished-at="2021-11-03T15:48:28 MSK">
    <groups>
    </groups>
    <test name="Command line test" duration-ms="60" started-at="2021-11-03T15:48:28 MSK" finished-at="2021-11-03T15:48:28 MSK">
      <class name="AirportTest">
        <test-method status="PASS" signature="testClassificationLevelOfExperimentalPlanes()[pri:0, instance:AirportTest@6daf2337]" name="testClassificationLevelOfExperimentalPlanes" duration-ms="14" started-at="2021-11-03T15:48:28 MSK" finished-at="2021-11-03T15:48:28 MSK">
          <reporter-output>
          </reporter-output>
        </test-method> <!-- testClassificationLevelOfExperimentalPlanes -->
        <test-method status="PASS" signature="testGetTransportMilitaryPlanes()[pri:0, instance:AirportTest@6daf2337]" name="testGetTransportMilitaryPlanes" duration-ms="1" started-at="2021-11-03T15:48:28 MSK" finished-at="2021-11-03T15:48:28 MSK">
          <reporter-output>
          </reporter-output>
        </test-method> <!-- testGetTransportMilitaryPlanes -->
        <test-method status="PASS" signature="testHasAtLeastOneBomberInMilitaryPlanes()[pri:0, instance:AirportTest@6daf2337]" name="testHasAtLeastOneBomberInMilitaryPlanes" duration-ms="0" started-at="2021-11-03T15:48:28 MSK" finished-at="2021-11-03T15:48:28 MSK">
          <reporter-output>
          </reporter-output>
        </test-method> <!-- testHasAtLeastOneBomberInMilitaryPlanes -->
      </class> <!-- AirportTest -->
    </test> <!-- Command line test -->
  </suite> <!-- AirportTest -->
</testng-results>
